<?xml version="1.0" encoding="UTF-8"?>
<testng-results ignored="0" total="4" passed="3" failed="1" skipped="0">
  <reporter-output>
  </reporter-output>
  <suite started-at="2022-11-26T03:51:13Z" name="Suite" finished-at="2022-11-26T03:51:50Z" duration-ms="36572">
    <groups>
    </groups>
    <test started-at="2022-11-26T03:51:13Z" name="Test" finished-at="2022-11-26T03:51:50Z" duration-ms="36572">
      <class name="Framework.TestNGframework">
        <test-method is-config="true" signature="openwebpage()[pri:0, instance:Framework.TestNGframework@332796d3]" started-at="2022-11-26T03:51:13Z" name="openwebpage" finished-at="2022-11-26T03:51:20Z" duration-ms="7300" status="PASS">
          <reporter-output>
          </reporter-output>
        </test-method> <!-- openwebpage -->
        <test-method signature="Validatelogin()[pri:0, instance:Framework.TestNGframework@332796d3]" started-at="2022-11-26T03:51:20Z" name="Validatelogin" finished-at="2022-11-26T03:51:25Z" duration-ms="4071" status="PASS">
          <reporter-output>
          </reporter-output>
        </test-method> <!-- Validatelogin -->
        <test-method is-config="true" signature="closedriver()[pri:0, instance:Framework.TestNGframework@332796d3]" started-at="2022-11-26T03:51:25Z" name="closedriver" finished-at="2022-11-26T03:51:25Z" duration-ms="317" status="PASS">
          <reporter-output>
          </reporter-output>
        </test-method> <!-- closedriver -->
        <test-method is-config="true" signature="openwebpage()[pri:0, instance:Framework.TestNGframework@332796d3]" started-at="2022-11-26T03:51:25Z" name="openwebpage" finished-at="2022-11-26T03:51:32Z" duration-ms="6691" status="PASS">
          <reporter-output>
          </reporter-output>
        </test-method> <!-- openwebpage -->
        <test-method signature="forgetpassword()[pri:0, instance:Framework.TestNGframework@332796d3]" started-at="2022-11-26T03:51:32Z" name="forgetpassword" finished-at="2022-11-26T03:51:36Z" duration-ms="4079" status="PASS">
          <reporter-output>
          </reporter-output>
        </test-method> <!-- forgetpassword -->
        <test-method is-config="true" signature="closedriver()[pri:0, instance:Framework.TestNGframework@332796d3]" started-at="2022-11-26T03:51:36Z" name="closedriver" finished-at="2022-11-26T03:51:36Z" duration-ms="217" status="PASS">
          <reporter-output>
          </reporter-output>
        </test-method> <!-- closedriver -->
        <test-method is-config="true" signature="openwebpage()[pri:0, instance:Framework.TestNGframework@332796d3]" started-at="2022-11-26T03:51:36Z" name="openwebpage" finished-at="2022-11-26T03:51:42Z" duration-ms="6563" status="PASS">
          <reporter-output>
          </reporter-output>
        </test-method> <!-- openwebpage -->
        <test-method signature="validategettitle()[pri:0, instance:Framework.TestNGframework@332796d3]" started-at="2022-11-26T03:51:42Z" name="validategettitle" finished-at="2022-11-26T03:51:42Z" duration-ms="7" status="PASS">
          <reporter-output>
          </reporter-output>
        </test-method> <!-- validategettitle -->
        <test-method is-config="true" signature="closedriver()[pri:0, instance:Framework.TestNGframework@332796d3]" started-at="2022-11-26T03:51:42Z" name="closedriver" finished-at="2022-11-26T03:51:43Z" duration-ms="186" status="PASS">
          <reporter-output>
          </reporter-output>
        </test-method> <!-- closedriver -->
        <test-method is-config="true" signature="openwebpage()[pri:0, instance:Framework.TestNGframework@332796d3]" started-at="2022-11-26T03:51:43Z" name="openwebpage" finished-at="2022-11-26T03:51:49Z" duration-ms="6359" status="PASS">
          <reporter-output>
          </reporter-output>
        </test-method> <!-- openwebpage -->
        <test-method signature="validatelogo()[pri:0, instance:Framework.TestNGframework@332796d3]" started-at="2022-11-26T03:51:49Z" name="validatelogo" finished-at="2022-11-26T03:51:49Z" duration-ms="571" status="FAIL">
          <exception class="java.lang.AssertionError">
            <message>
              <![CDATA[expected [true] but found [false]]]>
            </message>
            <full-stacktrace>
              <![CDATA[java.lang.AssertionError: expected [true] but found [false]
at org.testng.Assert.fail(Assert.java:96)
at org.testng.Assert.failNotEquals(Assert.java:776)
at org.testng.Assert.assertTrue(Assert.java:44)
at org.testng.Assert.assertTrue(Assert.java:54)
at Framework.TestNGframework.validatelogo(TestNGframework.java:35)
at java.base/jdk.internal.reflect.NativeMethodAccessorImpl.invoke0(Native Method)
at java.base/jdk.internal.reflect.NativeMethodAccessorImpl.invoke(NativeMethodAccessorImpl.java:77)
at java.base/jdk.internal.reflect.DelegatingMethodAccessorImpl.invoke(DelegatingMethodAccessorImpl.java:43)
at java.base/java.lang.reflect.Method.invoke(Method.java:568)
at org.testng.internal.MethodInvocationHelper.invokeMethod(MethodInvocationHelper.java:124)
at org.testng.internal.Invoker.invokeMethod(Invoker.java:583)
at org.testng.internal.Invoker.invokeTestMethod(Invoker.java:719)
at org.testng.internal.Invoker.invokeTestMethods(Invoker.java:989)
at org.testng.internal.TestMethodWorker.invokeTestMethods(TestMethodWorker.java:125)
at org.testng.internal.TestMethodWorker.run(TestMethodWorker.java:109)
at org.testng.TestRunner.privateRun(TestRunner.java:648)
at org.testng.TestRunner.run(TestRunner.java:505)
at org.testng.SuiteRunner.runTest(SuiteRunner.java:455)
at org.testng.SuiteRunner.runSequentially(SuiteRunner.java:450)
at org.testng.SuiteRunner.privateRun(SuiteRunner.java:415)
at org.testng.SuiteRunner.run(SuiteRunner.java:364)
at org.testng.SuiteRunnerWorker.runSuite(SuiteRunnerWorker.java:52)
at org.testng.SuiteRunnerWorker.run(SuiteRunnerWorker.java:84)
at org.testng.TestNG.runSuitesSequentially(TestNG.java:1208)
at org.testng.TestNG.runSuitesLocally(TestNG.java:1137)
at org.testng.TestNG.runSuites(TestNG.java:1049)
at org.testng.TestNG.run(TestNG.java:1017)
at org.apache.maven.surefire.testng.TestNGExecutor.run(TestNGExecutor.java:324)
at org.apache.maven.surefire.testng.TestNGXmlTestSuite.execute(TestNGXmlTestSuite.java:74)
at org.apache.maven.surefire.testng.TestNGProvider.invoke(TestNGProvider.java:123)
at org.apache.maven.surefire.booter.ForkedBooter.runSuitesInProcess(ForkedBooter.java:456)
at org.apache.maven.surefire.booter.ForkedBooter.execute(ForkedBooter.java:169)
at org.apache.maven.surefire.booter.ForkedBooter.run(ForkedBooter.java:595)
at org.apache.maven.surefire.booter.ForkedBooter.main(ForkedBooter.java:581)
]]>
            </full-stacktrace>
          </exception> <!-- java.lang.AssertionError -->
          <reporter-output>
          </reporter-output>
        </test-method> <!-- validatelogo -->
        <test-method is-config="true" signature="closedriver()[pri:0, instance:Framework.TestNGframework@332796d3]" started-at="2022-11-26T03:51:50Z" name="closedriver" finished-at="2022-11-26T03:51:50Z" duration-ms="183" status="PASS">
          <reporter-output>
          </reporter-output>
        </test-method> <!-- closedriver -->
      </class> <!-- Framework.TestNGframework -->
    </test> <!-- Test -->
  </suite> <!-- Suite -->
</testng-results>
