<?xml version="1.0" encoding="UTF-8"?>
<testng-results ignored="0" total="4" passed="3" failed="1" skipped="0">
  <reporter-output>
  </reporter-output>
  <suite started-at="2022-11-26T09:16:50 IST" name="Suite" finished-at="2022-11-26T09:17:33 IST" duration-ms="42905">
    <groups>
    </groups>
    <test started-at="2022-11-26T09:16:50 IST" name="Test" finished-at="2022-11-26T09:17:33 IST" duration-ms="42905">
      <class name="Framework.TestNGframework">
        <test-method is-config="true" signature="openwebpage()[pri:0, instance:Framework.TestNGframework@25fb8912]" started-at="2022-11-26T09:16:50 IST" name="openwebpage" finished-at="2022-11-26T09:16:57 IST" duration-ms="7687" status="PASS">
          <reporter-output>
          </reporter-output>
        </test-method> <!-- openwebpage -->
        <test-method signature="Validatelogin()[pri:0, instance:Framework.TestNGframework@25fb8912]" started-at="2022-11-26T09:16:57 IST" name="Validatelogin" finished-at="2022-11-26T09:17:01 IST" duration-ms="3992" status="PASS">
          <reporter-output>
          </reporter-output>
        </test-method> <!-- Validatelogin -->
        <test-method is-config="true" signature="closedriver()[pri:0, instance:Framework.TestNGframework@25fb8912]" started-at="2022-11-26T09:17:01 IST" name="closedriver" finished-at="2022-11-26T09:17:02 IST" duration-ms="240" status="PASS">
          <reporter-output>
          </reporter-output>
        </test-method> <!-- closedriver -->
        <test-method is-config="true" signature="openwebpage()[pri:0, instance:Framework.TestNGframework@25fb8912]" started-at="2022-11-26T09:17:02 IST" name="openwebpage" finished-at="2022-11-26T09:17:08 IST" duration-ms="5856" status="PASS">
          <reporter-output>
          </reporter-output>
        </test-method> <!-- openwebpage -->
        <test-method signature="forgetpassword()[pri:0, instance:Framework.TestNGframework@25fb8912]" started-at="2022-11-26T09:17:08 IST" name="forgetpassword" finished-at="2022-11-26T09:17:12 IST" duration-ms="4842" status="PASS">
          <reporter-output>
          </reporter-output>
        </test-method> <!-- forgetpassword -->
        <test-method is-config="true" signature="closedriver()[pri:0, instance:Framework.TestNGframework@25fb8912]" started-at="2022-11-26T09:17:12 IST" name="closedriver" finished-at="2022-11-26T09:17:13 IST" duration-ms="182" status="PASS">
          <reporter-output>
          </reporter-output>
        </test-method> <!-- closedriver -->
        <test-method is-config="true" signature="openwebpage()[pri:0, instance:Framework.TestNGframework@25fb8912]" started-at="2022-11-26T09:17:13 IST" name="openwebpage" finished-at="2022-11-26T09:17:22 IST" duration-ms="9297" status="PASS">
          <reporter-output>
          </reporter-output>
        </test-method> <!-- openwebpage -->
        <test-method signature="validategettitle()[pri:0, instance:Framework.TestNGframework@25fb8912]" started-at="2022-11-26T09:17:22 IST" name="validategettitle" finished-at="2022-11-26T09:17:22 IST" duration-ms="18" status="PASS">
          <reporter-output>
          </reporter-output>
        </test-method> <!-- validategettitle -->
        <test-method is-config="true" signature="closedriver()[pri:0, instance:Framework.TestNGframework@25fb8912]" started-at="2022-11-26T09:17:22 IST" name="closedriver" finished-at="2022-11-26T09:17:22 IST" duration-ms="437" status="PASS">
          <reporter-output>
          </reporter-output>
        </test-method> <!-- closedriver -->
        <test-method is-config="true" signature="openwebpage()[pri:0, instance:Framework.TestNGframework@25fb8912]" started-at="2022-11-26T09:17:22 IST" name="openwebpage" finished-at="2022-11-26T09:17:31 IST" duration-ms="8899" status="PASS">
          <reporter-output>
          </reporter-output>
        </test-method> <!-- openwebpage -->
        <test-method signature="validatelogo()[pri:0, instance:Framework.TestNGframework@25fb8912]" started-at="2022-11-26T09:17:31 IST" name="validatelogo" finished-at="2022-11-26T09:17:32 IST" duration-ms="697" status="FAIL">
          <exception class="java.lang.AssertionError">
            <message>
              <![CDATA[expected [true] but found [false]]]>
            </message>
            <full-stacktrace>
              <![CDATA[java.lang.AssertionError: expected [true] but found [false]
at org.testng.Assert.fail(Assert.java:99)
at org.testng.Assert.failNotEquals(Assert.java:1037)
at org.testng.Assert.assertTrue(Assert.java:45)
at org.testng.Assert.assertTrue(Assert.java:55)
at Framework.TestNGframework.validatelogo(TestNGframework.java:35)
at java.base/jdk.internal.reflect.NativeMethodAccessorImpl.invoke0(Native Method)
at java.base/jdk.internal.reflect.NativeMethodAccessorImpl.invoke(NativeMethodAccessorImpl.java:77)
at java.base/jdk.internal.reflect.DelegatingMethodAccessorImpl.invoke(DelegatingMethodAccessorImpl.java:43)
at java.base/java.lang.reflect.Method.invoke(Method.java:568)
at org.testng.internal.MethodInvocationHelper.invokeMethod(MethodInvocationHelper.java:133)
at org.testng.internal.TestInvoker.invokeMethod(TestInvoker.java:598)
at org.testng.internal.TestInvoker.invokeTestMethod(TestInvoker.java:173)
at org.testng.internal.MethodRunner.runInSequence(MethodRunner.java:46)
at org.testng.internal.TestInvoker$MethodInvocationAgent.invoke(TestInvoker.java:824)
at org.testng.internal.TestInvoker.invokeTestMethods(TestInvoker.java:146)
at org.testng.internal.TestMethodWorker.invokeTestMethods(TestMethodWorker.java:146)
at org.testng.internal.TestMethodWorker.run(TestMethodWorker.java:128)
at java.base/java.util.ArrayList.forEach(ArrayList.java:1511)
at org.testng.TestRunner.privateRun(TestRunner.java:794)
at org.testng.TestRunner.run(TestRunner.java:596)
at org.testng.SuiteRunner.runTest(SuiteRunner.java:377)
at org.testng.SuiteRunner.runSequentially(SuiteRunner.java:371)
at org.testng.SuiteRunner.privateRun(SuiteRunner.java:332)
at org.testng.SuiteRunner.run(SuiteRunner.java:276)
at org.testng.SuiteRunnerWorker.runSuite(SuiteRunnerWorker.java:53)
at org.testng.SuiteRunnerWorker.run(SuiteRunnerWorker.java:96)
at org.testng.TestNG.runSuitesSequentially(TestNG.java:1212)
at org.testng.TestNG.runSuitesLocally(TestNG.java:1134)
at org.testng.TestNG.runSuites(TestNG.java:1063)
at org.testng.TestNG.run(TestNG.java:1031)
at org.testng.remote.AbstractRemoteTestNG.run(AbstractRemoteTestNG.java:115)
at org.testng.remote.RemoteTestNG.initAndRun(RemoteTestNG.java:251)
at org.testng.remote.RemoteTestNG.main(RemoteTestNG.java:77)
]]>
            </full-stacktrace>
          </exception> <!-- java.lang.AssertionError -->
          <reporter-output>
          </reporter-output>
        </test-method> <!-- validatelogo -->
        <test-method is-config="true" signature="closedriver()[pri:0, instance:Framework.TestNGframework@25fb8912]" started-at="2022-11-26T09:17:32 IST" name="closedriver" finished-at="2022-11-26T09:17:33 IST" duration-ms="697" status="PASS">
          <reporter-output>
          </reporter-output>
        </test-method> <!-- closedriver -->
      </class> <!-- Framework.TestNGframework -->
    </test> <!-- Test -->
  </suite> <!-- Suite -->
</testng-results>
